{"C:\\Users\\kfir\\Desktop\\class 2022\\src\\server.ts": {"path":"C:\\Users\\kfir\\Desktop\\class 2022\\src\\server.ts","statementMap":{"0":{"start":{"line":1,"column":0},"end":{"line":1,"column":30}},"1":{"start":{"line":2,"column":12},"end":{"line":2,"column":21}},"2":{"start":{"line":3,"column":0},"end":{"line":3,"column":28}},"3":{"start":{"line":4,"column":0},"end":{"line":4,"column":16}},"4":{"start":{"line":6,"column":0},"end":{"line":6,"column":37}},"5":{"start":{"line":8,"column":0},"end":{"line":8,"column":32}},"6":{"start":{"line":9,"column":0},"end":{"line":9,"column":43}},"7":{"start":{"line":11,"column":11},"end":{"line":11,"column":30}},"8":{"start":{"line":12,"column":0},"end":{"line":14,"column":3}},"9":{"start":{"line":13,"column":2},"end":{"line":13,"column":23}},"10":{"start":{"line":15,"column":0},"end":{"line":17,"column":3}},"11":{"start":{"line":16,"column":2},"end":{"line":16,"column":36}},"12":{"start":{"line":19,"column":0},"end":{"line":19,"column":37}},"13":{"start":{"line":20,"column":0},"end":{"line":20,"column":65}},"14":{"start":{"line":21,"column":0},"end":{"line":21,"column":27}},"15":{"start":{"line":23,"column":0},"end":{"line":23,"column":47}},"16":{"start":{"line":24,"column":0},"end":{"line":24,"column":30}},"17":{"start":{"line":26,"column":0},"end":{"line":26,"column":47}},"18":{"start":{"line":27,"column":0},"end":{"line":27,"column":30}},"19":{"start":{"line":29,"column":0},"end":{"line":29,"column":43}},"20":{"start":{"line":32,"column":0},"end":{"line":48,"column":null}},"21":{"start":{"line":33,"column":23},"end":{"line":33,"column":47}},"22":{"start":{"line":34,"column":18},"end":{"line":45,"column":4}},"23":{"start":{"line":46,"column":16},"end":{"line":46,"column":37}},"24":{"start":{"line":47,"column":2},"end":{"line":47,"column":64}},"25":{"start":{"line":50,"column":0},"end":{"line":50,"column":13}}},"fnMap":{"0":{"name":"(anonymous_1)","decl":{"start":{"line":12,"column":15},"end":{"line":12,"column":16}},"loc":{"start":{"line":12,"column":25},"end":{"line":14,"column":1}}},"1":{"name":"(anonymous_2)","decl":{"start":{"line":15,"column":16},"end":{"line":15,"column":19}},"loc":{"start":{"line":15,"column":21},"end":{"line":17,"column":1}}}},"branchMap":{"0":{"loc":{"start":{"line":32,"column":0},"end":{"line":48,"column":null}},"type":"if","locations":[{"start":{"line":32,"column":0},"end":{"line":48,"column":null}}]}},"s":{"0":2,"1":2,"2":2,"3":2,"4":2,"5":2,"6":2,"7":2,"8":2,"9":0,"10":2,"11":2,"12":2,"13":2,"14":2,"15":2,"16":2,"17":2,"18":2,"19":2,"20":2,"21":0,"22":0,"23":0,"24":0,"25":2},"f":{"0":0,"1":2},"b":{"0":[0]}}
,"C:\\Users\\kfir\\Desktop\\class 2022\\src\\common\\auth_middleware.ts": {"path":"C:\\Users\\kfir\\Desktop\\class 2022\\src\\common\\auth_middleware.ts","statementMap":{"0":{"start":{"line":2,"column":0},"end":{"line":2,"column":30}},"1":{"start":{"line":3,"column":0},"end":{"line":3,"column":47}},"2":{"start":{"line":5,"column":23},"end":{"line":18,"column":null}},"3":{"start":{"line":5,"column":80},"end":{"line":18,"column":null}},"4":{"start":{"line":6,"column":16},"end":{"line":6,"column":44}},"5":{"start":{"line":7,"column":4},"end":{"line":9,"column":null}},"6":{"start":{"line":8,"column":8},"end":{"line":8,"column":null}},"7":{"start":{"line":10,"column":4},"end":{"line":10,"column":null}},"8":{"start":{"line":11,"column":4},"end":{"line":17,"column":null}},"9":{"start":{"line":12,"column":8},"end":{"line":14,"column":null}},"10":{"start":{"line":13,"column":12},"end":{"line":13,"column":null}},"11":{"start":{"line":15,"column":8},"end":{"line":15,"column":null}},"12":{"start":{"line":16,"column":8},"end":{"line":16,"column":null}},"13":{"start":{"line":20,"column":0},"end":{"line":20,"column":null}}},"fnMap":{"0":{"name":"(anonymous_8)","decl":{"start":{"line":5,"column":23},"end":{"line":5,"column":30}},"loc":{"start":{"line":5,"column":80},"end":{"line":18,"column":null}}},"1":{"name":"(anonymous_9)","decl":{"start":{"line":5,"column":80},"end":{"line":5,"column":null}},"loc":{"start":{"line":5,"column":80},"end":{"line":18,"column":1}}},"2":{"name":"(anonymous_10)","decl":{"start":{"line":11,"column":53},"end":{"line":11,"column":54}},"loc":{"start":{"line":11,"column":67},"end":{"line":17,"column":5}}}},"branchMap":{"0":{"loc":{"start":{"line":7,"column":4},"end":{"line":9,"column":null}},"type":"if","locations":[{"start":{"line":7,"column":4},"end":{"line":9,"column":null}}]},"1":{"loc":{"start":{"line":7,"column":8},"end":{"line":7,"column":43}},"type":"binary-expr","locations":[{"start":{"line":7,"column":8},"end":{"line":7,"column":26}},{"start":{"line":7,"column":30},"end":{"line":7,"column":43}}]},"2":{"loc":{"start":{"line":12,"column":8},"end":{"line":14,"column":null}},"type":"if","locations":[{"start":{"line":12,"column":8},"end":{"line":14,"column":null}}]}},"s":{"0":2,"1":2,"2":2,"3":6,"4":6,"5":6,"6":0,"7":6,"8":6,"9":6,"10":1,"11":5,"12":5,"13":2},"f":{"0":6,"1":6,"2":6},"b":{"0":[0],"1":[6,6],"2":[1]}}
,"C:\\Users\\kfir\\Desktop\\class 2022\\src\\controllers\\auth.ts": {"path":"C:\\Users\\kfir\\Desktop\\class 2022\\src\\controllers\\auth.ts","statementMap":{"0":{"start":{"line":1,"column":0},"end":{"line":1,"column":40}},"1":{"start":{"line":3,"column":0},"end":{"line":3,"column":48}},"2":{"start":{"line":4,"column":0},"end":{"line":4,"column":28}},"3":{"start":{"line":5,"column":0},"end":{"line":5,"column":31}},"4":{"start":{"line":12,"column":17},"end":{"line":60,"column":2}},"5":{"start":{"line":12,"column":55},"end":{"line":60,"column":2}},"6":{"start":{"line":13,"column":2},"end":{"line":13,"column":26}},"7":{"start":{"line":15,"column":16},"end":{"line":15,"column":30}},"8":{"start":{"line":16,"column":19},"end":{"line":16,"column":36}},"9":{"start":{"line":18,"column":2},"end":{"line":25,"column":null}},"10":{"start":{"line":24,"column":4},"end":{"line":24,"column":40}},"11":{"start":{"line":28,"column":15},"end":{"line":28,"column":39}},"12":{"start":{"line":29,"column":28},"end":{"line":29,"column":61}},"13":{"start":{"line":33,"column":15},"end":{"line":36,"column":4}},"14":{"start":{"line":37,"column":2},"end":{"line":59,"column":null}},"15":{"start":{"line":38,"column":20},"end":{"line":38,"column":37}},"16":{"start":{"line":40,"column":24},"end":{"line":43,"column":null}},"17":{"start":{"line":45,"column":25},"end":{"line":48,"column":null}},"18":{"start":{"line":50,"column":4},"end":{"line":50,"column":40}},"19":{"start":{"line":51,"column":4},"end":{"line":51,"column":25}},"20":{"start":{"line":52,"column":4},"end":{"line":56,"column":7}},"21":{"start":{"line":58,"column":4},"end":{"line":58,"column":76}},"22":{"start":{"line":67,"column":14},"end":{"line":114,"column":2}},"23":{"start":{"line":67,"column":52},"end":{"line":114,"column":2}},"24":{"start":{"line":68,"column":2},"end":{"line":68,"column":23}},"25":{"start":{"line":69,"column":16},"end":{"line":69,"column":30}},"26":{"start":{"line":70,"column":19},"end":{"line":70,"column":36}},"27":{"start":{"line":71,"column":2},"end":{"line":75,"column":null}},"28":{"start":{"line":72,"column":4},"end":{"line":74,"column":50}},"29":{"start":{"line":77,"column":2},"end":{"line":113,"column":null}},"30":{"start":{"line":79,"column":17},"end":{"line":79,"column":53}},"31":{"start":{"line":80,"column":4},"end":{"line":84,"column":null}},"32":{"start":{"line":81,"column":6},"end":{"line":83,"column":52}},"33":{"start":{"line":86,"column":18},"end":{"line":86,"column":63}},"34":{"start":{"line":87,"column":4},"end":{"line":91,"column":null}},"35":{"start":{"line":88,"column":6},"end":{"line":90,"column":52}},"36":{"start":{"line":94,"column":24},"end":{"line":97,"column":null}},"37":{"start":{"line":99,"column":25},"end":{"line":102,"column":null}},"38":{"start":{"line":104,"column":4},"end":{"line":104,"column":37}},"39":{"start":{"line":105,"column":4},"end":{"line":105,"column":22}},"40":{"start":{"line":106,"column":4},"end":{"line":110,"column":7}},"41":{"start":{"line":112,"column":4},"end":{"line":112,"column":76}},"42":{"start":{"line":122,"column":19},"end":{"line":164,"column":2}},"43":{"start":{"line":122,"column":57},"end":{"line":164,"column":2}},"44":{"start":{"line":123,"column":2},"end":{"line":123,"column":28}},"45":{"start":{"line":125,"column":14},"end":{"line":125,"column":42}},"46":{"start":{"line":126,"column":2},"end":{"line":128,"column":null}},"47":{"start":{"line":127,"column":4},"end":{"line":127,"column":49}},"48":{"start":{"line":129,"column":2},"end":{"line":129,"column":30}},"49":{"start":{"line":130,"column":2},"end":{"line":163,"column":5}},"50":{"start":{"line":130,"column":76},"end":{"line":163,"column":4}},"51":{"start":{"line":131,"column":4},"end":{"line":133,"column":null}},"52":{"start":{"line":132,"column":6},"end":{"line":132,"column":51}},"53":{"start":{"line":134,"column":4},"end":{"line":134,"column":26}},"54":{"start":{"line":136,"column":4},"end":{"line":162,"column":null}},"55":{"start":{"line":137,"column":19},"end":{"line":137,"column":46}},"56":{"start":{"line":138,"column":6},"end":{"line":142,"column":null}},"57":{"start":{"line":139,"column":8},"end":{"line":139,"column":31}},"58":{"start":{"line":140,"column":8},"end":{"line":140,"column":26}},"59":{"start":{"line":141,"column":8},"end":{"line":141,"column":78}},"60":{"start":{"line":143,"column":26},"end":{"line":146,"column":null}},"61":{"start":{"line":148,"column":27},"end":{"line":151,"column":null}},"62":{"start":{"line":153,"column":6},"end":{"line":153,"column":39}},"63":{"start":{"line":154,"column":6},"end":{"line":154,"column":24}},"64":{"start":{"line":155,"column":6},"end":{"line":159,"column":9}},"65":{"start":{"line":161,"column":6},"end":{"line":161,"column":76}},"66":{"start":{"line":171,"column":13},"end":{"line":173,"column":2}},"67":{"start":{"line":171,"column":51},"end":{"line":173,"column":2}},"68":{"start":{"line":172,"column":2},"end":{"line":172,"column":38}},"69":{"start":{"line":175,"column":0},"end":{"line":180,"column":2}}},"fnMap":{"0":{"name":"(anonymous_8)","decl":{"start":{"line":12,"column":17},"end":{"line":12,"column":24}},"loc":{"start":{"line":12,"column":55},"end":{"line":60,"column":2}}},"1":{"name":"(anonymous_9)","decl":{"start":{"line":12,"column":55},"end":{"line":12,"column":null}},"loc":{"start":{"line":12,"column":55},"end":{"line":60,"column":1}}},"2":{"name":"(anonymous_10)","decl":{"start":{"line":67,"column":14},"end":{"line":67,"column":21}},"loc":{"start":{"line":67,"column":52},"end":{"line":114,"column":2}}},"3":{"name":"(anonymous_11)","decl":{"start":{"line":67,"column":52},"end":{"line":67,"column":null}},"loc":{"start":{"line":67,"column":52},"end":{"line":114,"column":1}}},"4":{"name":"(anonymous_12)","decl":{"start":{"line":122,"column":19},"end":{"line":122,"column":26}},"loc":{"start":{"line":122,"column":57},"end":{"line":164,"column":2}}},"5":{"name":"(anonymous_13)","decl":{"start":{"line":122,"column":57},"end":{"line":122,"column":null}},"loc":{"start":{"line":122,"column":57},"end":{"line":164,"column":1}}},"6":{"name":"(anonymous_14)","decl":{"start":{"line":130,"column":54},"end":{"line":130,"column":61}},"loc":{"start":{"line":130,"column":76},"end":{"line":163,"column":4}}},"7":{"name":"(anonymous_15)","decl":{"start":{"line":130,"column":76},"end":{"line":130,"column":null}},"loc":{"start":{"line":130,"column":76},"end":{"line":163,"column":3}}},"8":{"name":"(anonymous_16)","decl":{"start":{"line":171,"column":13},"end":{"line":171,"column":20}},"loc":{"start":{"line":171,"column":51},"end":{"line":173,"column":2}}},"9":{"name":"(anonymous_17)","decl":{"start":{"line":171,"column":51},"end":{"line":171,"column":null}},"loc":{"start":{"line":171,"column":51},"end":{"line":173,"column":1}}}},"branchMap":{"0":{"loc":{"start":{"line":18,"column":2},"end":{"line":25,"column":null}},"type":"if","locations":[{"start":{"line":18,"column":2},"end":{"line":25,"column":null}}]},"1":{"loc":{"start":{"line":19,"column":4},"end":{"line":22,"column":25}},"type":"binary-expr","locations":[{"start":{"line":19,"column":4},"end":{"line":19,"column":17}},{"start":{"line":20,"column":4},"end":{"line":20,"column":22}},{"start":{"line":21,"column":4},"end":{"line":21,"column":20}},{"start":{"line":22,"column":4},"end":{"line":22,"column":25}}]},"2":{"loc":{"start":{"line":71,"column":2},"end":{"line":75,"column":null}},"type":"if","locations":[{"start":{"line":71,"column":2},"end":{"line":75,"column":null}}]},"3":{"loc":{"start":{"line":71,"column":6},"end":{"line":71,"column":39}},"type":"binary-expr","locations":[{"start":{"line":71,"column":6},"end":{"line":71,"column":19}},{"start":{"line":71,"column":23},"end":{"line":71,"column":39}}]},"4":{"loc":{"start":{"line":80,"column":4},"end":{"line":84,"column":null}},"type":"if","locations":[{"start":{"line":80,"column":4},"end":{"line":84,"column":null}}]},"5":{"loc":{"start":{"line":87,"column":4},"end":{"line":91,"column":null}},"type":"if","locations":[{"start":{"line":87,"column":4},"end":{"line":91,"column":null}}]},"6":{"loc":{"start":{"line":126,"column":2},"end":{"line":128,"column":null}},"type":"if","locations":[{"start":{"line":126,"column":2},"end":{"line":128,"column":null}}]},"7":{"loc":{"start":{"line":126,"column":6},"end":{"line":126,"column":41}},"type":"binary-expr","locations":[{"start":{"line":126,"column":6},"end":{"line":126,"column":24}},{"start":{"line":126,"column":28},"end":{"line":126,"column":41}}]},"8":{"loc":{"start":{"line":131,"column":4},"end":{"line":133,"column":null}},"type":"if","locations":[{"start":{"line":131,"column":4},"end":{"line":133,"column":null}}]},"9":{"loc":{"start":{"line":138,"column":6},"end":{"line":142,"column":null}},"type":"if","locations":[{"start":{"line":138,"column":6},"end":{"line":142,"column":null}}]}},"s":{"0":2,"1":2,"2":2,"3":2,"4":2,"5":3,"6":3,"7":3,"8":3,"9":3,"10":0,"11":3,"12":3,"13":3,"14":3,"15":3,"16":2,"17":2,"18":2,"19":2,"20":2,"21":1,"22":2,"23":3,"24":3,"25":3,"26":3,"27":3,"28":0,"29":3,"30":3,"31":3,"32":1,"33":2,"34":2,"35":1,"36":1,"37":1,"38":1,"39":1,"40":1,"41":0,"42":2,"43":1,"44":1,"45":1,"46":1,"47":0,"48":1,"49":1,"50":1,"51":1,"52":0,"53":1,"54":1,"55":1,"56":1,"57":0,"58":0,"59":0,"60":1,"61":1,"62":1,"63":1,"64":1,"65":0,"66":2,"67":3,"68":3,"69":2},"f":{"0":3,"1":3,"2":3,"3":3,"4":1,"5":1,"6":1,"7":1,"8":3,"9":3},"b":{"0":[0],"1":[3,3,3,3],"2":[0],"3":[3,3],"4":[1],"5":[1],"6":[0],"7":[1,1],"8":[0],"9":[0]}}
,"C:\\Users\\kfir\\Desktop\\class 2022\\src\\controllers\\post.ts": {"path":"C:\\Users\\kfir\\Desktop\\class 2022\\src\\controllers\\post.ts","statementMap":{"0":{"start":{"line":1,"column":0},"end":{"line":1,"column":40}},"1":{"start":{"line":8,"column":20},"end":{"line":25,"column":2}},"2":{"start":{"line":8,"column":58},"end":{"line":25,"column":2}},"3":{"start":{"line":9,"column":2},"end":{"line":9,"column":29}},"4":{"start":{"line":11,"column":2},"end":{"line":24,"column":null}},"5":{"start":{"line":12,"column":19},"end":{"line":12,"column":35}},"6":{"start":{"line":14,"column":4},"end":{"line":18,"column":null}},"7":{"start":{"line":15,"column":6},"end":{"line":15,"column":50}},"8":{"start":{"line":17,"column":6},"end":{"line":17,"column":32}},"9":{"start":{"line":19,"column":4},"end":{"line":19,"column":32}},"10":{"start":{"line":21,"column":4},"end":{"line":23,"column":7}},"11":{"start":{"line":27,"column":20},"end":{"line":48,"column":2}},"12":{"start":{"line":27,"column":58},"end":{"line":48,"column":2}},"13":{"start":{"line":28,"column":2},"end":{"line":28,"column":49}},"14":{"start":{"line":29,"column":13},"end":{"line":29,"column":26}},"15":{"start":{"line":30,"column":2},"end":{"line":32,"column":null}},"16":{"start":{"line":31,"column":4},"end":{"line":31,"column":59}},"17":{"start":{"line":34,"column":2},"end":{"line":47,"column":null}},"18":{"start":{"line":35,"column":17},"end":{"line":35,"column":40}},"19":{"start":{"line":36,"column":4},"end":{"line":42,"column":null}},"20":{"start":{"line":37,"column":6},"end":{"line":39,"column":9}},"21":{"start":{"line":41,"column":6},"end":{"line":41,"column":33}},"22":{"start":{"line":44,"column":4},"end":{"line":46,"column":7}},"23":{"start":{"line":55,"column":22},"end":{"line":71,"column":2}},"24":{"start":{"line":55,"column":60},"end":{"line":71,"column":2}},"25":{"start":{"line":56,"column":2},"end":{"line":56,"column":24}},"26":{"start":{"line":57,"column":17},"end":{"line":57,"column":29}},"27":{"start":{"line":58,"column":15},"end":{"line":61,"column":4}},"28":{"start":{"line":63,"column":2},"end":{"line":70,"column":null}},"29":{"start":{"line":64,"column":20},"end":{"line":64,"column":37}},"30":{"start":{"line":65,"column":4},"end":{"line":65,"column":34}},"31":{"start":{"line":67,"column":4},"end":{"line":69,"column":7}},"32":{"start":{"line":73,"column":23},"end":{"line":88,"column":2}},"33":{"start":{"line":73,"column":61},"end":{"line":88,"column":2}},"34":{"start":{"line":74,"column":2},"end":{"line":74,"column":52}},"35":{"start":{"line":75,"column":13},"end":{"line":75,"column":26}},"36":{"start":{"line":76,"column":2},"end":{"line":78,"column":null}},"37":{"start":{"line":77,"column":4},"end":{"line":77,"column":59}},"38":{"start":{"line":80,"column":2},"end":{"line":87,"column":null}},"39":{"start":{"line":81,"column":4},"end":{"line":81,"column":38}},"40":{"start":{"line":82,"column":4},"end":{"line":82,"column":27}},"41":{"start":{"line":84,"column":4},"end":{"line":86,"column":7}},"42":{"start":{"line":89,"column":0},"end":{"line":94,"column":2}}},"fnMap":{"0":{"name":"(anonymous_8)","decl":{"start":{"line":8,"column":20},"end":{"line":8,"column":27}},"loc":{"start":{"line":8,"column":58},"end":{"line":25,"column":2}}},"1":{"name":"(anonymous_9)","decl":{"start":{"line":8,"column":58},"end":{"line":8,"column":null}},"loc":{"start":{"line":8,"column":58},"end":{"line":25,"column":1}}},"2":{"name":"(anonymous_10)","decl":{"start":{"line":27,"column":20},"end":{"line":27,"column":27}},"loc":{"start":{"line":27,"column":58},"end":{"line":48,"column":2}}},"3":{"name":"(anonymous_11)","decl":{"start":{"line":27,"column":58},"end":{"line":27,"column":null}},"loc":{"start":{"line":27,"column":58},"end":{"line":48,"column":1}}},"4":{"name":"(anonymous_12)","decl":{"start":{"line":55,"column":22},"end":{"line":55,"column":29}},"loc":{"start":{"line":55,"column":60},"end":{"line":71,"column":2}}},"5":{"name":"(anonymous_13)","decl":{"start":{"line":55,"column":60},"end":{"line":55,"column":null}},"loc":{"start":{"line":55,"column":60},"end":{"line":71,"column":1}}},"6":{"name":"(anonymous_14)","decl":{"start":{"line":73,"column":23},"end":{"line":73,"column":30}},"loc":{"start":{"line":73,"column":61},"end":{"line":88,"column":2}}},"7":{"name":"(anonymous_15)","decl":{"start":{"line":73,"column":61},"end":{"line":73,"column":null}},"loc":{"start":{"line":73,"column":61},"end":{"line":88,"column":1}}}},"branchMap":{"0":{"loc":{"start":{"line":14,"column":4},"end":{"line":18,"column":null}},"type":"if","locations":[{"start":{"line":14,"column":4},"end":{"line":18,"column":null}},{"start":{"line":16,"column":11},"end":{"line":18,"column":null}}]},"1":{"loc":{"start":{"line":14,"column":8},"end":{"line":14,"column":45}},"type":"binary-expr","locations":[{"start":{"line":14,"column":8},"end":{"line":14,"column":22}},{"start":{"line":14,"column":26},"end":{"line":14,"column":45}}]},"2":{"loc":{"start":{"line":30,"column":2},"end":{"line":32,"column":null}},"type":"if","locations":[{"start":{"line":30,"column":2},"end":{"line":32,"column":null}}]},"3":{"loc":{"start":{"line":30,"column":6},"end":{"line":30,"column":35}},"type":"binary-expr","locations":[{"start":{"line":30,"column":6},"end":{"line":30,"column":16}},{"start":{"line":30,"column":20},"end":{"line":30,"column":35}}]},"4":{"loc":{"start":{"line":36,"column":4},"end":{"line":42,"column":null}},"type":"if","locations":[{"start":{"line":36,"column":4},"end":{"line":42,"column":null}},{"start":{"line":40,"column":11},"end":{"line":42,"column":null}}]},"5":{"loc":{"start":{"line":76,"column":2},"end":{"line":78,"column":null}},"type":"if","locations":[{"start":{"line":76,"column":2},"end":{"line":78,"column":null}}]},"6":{"loc":{"start":{"line":76,"column":6},"end":{"line":76,"column":35}},"type":"binary-expr","locations":[{"start":{"line":76,"column":6},"end":{"line":76,"column":16}},{"start":{"line":76,"column":20},"end":{"line":76,"column":35}}]}},"s":{"0":2,"1":2,"2":2,"3":2,"4":2,"5":2,"6":2,"7":1,"8":1,"9":2,"10":0,"11":2,"12":2,"13":2,"14":2,"15":2,"16":0,"17":2,"18":2,"19":2,"20":1,"21":1,"22":0,"23":2,"24":1,"25":1,"26":1,"27":1,"28":1,"29":1,"30":1,"31":0,"32":2,"33":1,"34":1,"35":1,"36":1,"37":0,"38":1,"39":1,"40":1,"41":0,"42":2},"f":{"0":2,"1":2,"2":2,"3":2,"4":1,"5":1,"6":1,"7":1},"b":{"0":[1,1],"1":[2,1],"2":[0],"3":[2,2],"4":[1,1],"5":[0],"6":[1,1]}}
,"C:\\Users\\kfir\\Desktop\\class 2022\\src\\models\\post_model.ts": {"path":"C:\\Users\\kfir\\Desktop\\class 2022\\src\\models\\post_model.ts","statementMap":{"0":{"start":{"line":1,"column":0},"end":{"line":1,"column":31}},"1":{"start":{"line":3,"column":19},"end":{"line":12,"column":2}},"2":{"start":{"line":14,"column":0},"end":{"line":14,"column":null}}},"fnMap":{},"branchMap":{},"s":{"0":2,"1":2,"2":2},"f":{},"b":{}}
,"C:\\Users\\kfir\\Desktop\\class 2022\\src\\models\\user_model.ts": {"path":"C:\\Users\\kfir\\Desktop\\class 2022\\src\\models\\user_model.ts","statementMap":{"0":{"start":{"line":1,"column":0},"end":{"line":1,"column":32}},"1":{"start":{"line":3,"column":19},"end":{"line":16,"column":2}},"2":{"start":{"line":18,"column":0},"end":{"line":18,"column":44}}},"fnMap":{},"branchMap":{},"s":{"0":2,"1":2,"2":2},"f":{},"b":{}}
,"C:\\Users\\kfir\\Desktop\\class 2022\\src\\routes\\auth_routes.ts": {"path":"C:\\Users\\kfir\\Desktop\\class 2022\\src\\routes\\auth_routes.ts","statementMap":{"0":{"start":{"line":1,"column":0},"end":{"line":1,"column":30}},"1":{"start":{"line":2,"column":15},"end":{"line":2,"column":31}},"2":{"start":{"line":3,"column":0},"end":{"line":3,"column":39}},"3":{"start":{"line":4,"column":0},"end":{"line":4,"column":53}},"4":{"start":{"line":78,"column":1},"end":{"line":78,"column":41}},"5":{"start":{"line":113,"column":1},"end":{"line":113,"column":35}},"6":{"start":{"line":146,"column":1},"end":{"line":146,"column":41}},"7":{"start":{"line":162,"column":1},"end":{"line":162,"column":46}},"8":{"start":{"line":163,"column":1},"end":{"line":163,"column":33}},"9":{"start":{"line":165,"column":1},"end":{"line":165,"column":17}}},"fnMap":{},"branchMap":{},"s":{"0":2,"1":2,"2":2,"3":2,"4":2,"5":2,"6":2,"7":2,"8":2,"9":2},"f":{},"b":{}}
,"C:\\Users\\kfir\\Desktop\\class 2022\\src\\routes\\post_routes.ts": {"path":"C:\\Users\\kfir\\Desktop\\class 2022\\src\\routes\\post_routes.ts","statementMap":{"0":{"start":{"line":1,"column":0},"end":{"line":1,"column":29}},"1":{"start":{"line":2,"column":15},"end":{"line":2,"column":31}},"2":{"start":{"line":3,"column":0},"end":{"line":3,"column":38}},"3":{"start":{"line":4,"column":0},"end":{"line":4,"column":52}},"4":{"start":{"line":58,"column":0},"end":{"line":58,"column":null}},"5":{"start":{"line":92,"column":0},"end":{"line":92,"column":null}},"6":{"start":{"line":94,"column":0},"end":{"line":94,"column":null}},"7":{"start":{"line":96,"column":0},"end":{"line":96,"column":null}},"8":{"start":{"line":98,"column":0},"end":{"line":98,"column":null}}},"fnMap":{},"branchMap":{},"s":{"0":2,"1":2,"2":2,"3":2,"4":2,"5":2,"6":2,"7":2,"8":2},"f":{},"b":{}}
}
