TN:
SF:src\server.ts
FN:12,(anonymous_1)
FN:15,(anonymous_2)
FNF:2
FNH:1
FNDA:0,(anonymous_1)
FNDA:2,(anonymous_2)
DA:1,2
DA:2,2
DA:3,2
DA:4,2
DA:6,2
DA:8,2
DA:9,2
DA:11,2
DA:12,2
DA:13,0
DA:15,2
DA:16,2
DA:19,2
DA:20,2
DA:21,2
DA:23,2
DA:24,2
DA:26,2
DA:27,2
DA:29,2
DA:32,2
DA:33,0
DA:34,0
DA:46,0
DA:47,0
DA:50,2
LF:26
LH:21
BRDA:32,0,0,0
BRF:1
BRH:0
end_of_record
TN:
SF:src\common\auth_middleware.ts
FN:5,(anonymous_8)
FN:5,(anonymous_9)
FN:11,(anonymous_10)
FNF:3
FNH:3
FNDA:6,(anonymous_8)
FNDA:6,(anonymous_9)
FNDA:6,(anonymous_10)
DA:2,2
DA:3,2
DA:5,6
DA:6,6
DA:7,6
DA:8,0
DA:10,6
DA:11,6
DA:12,6
DA:13,1
DA:15,5
DA:16,5
DA:20,2
LF:13
LH:12
BRDA:7,0,0,0
BRDA:7,1,0,6
BRDA:7,1,1,6
BRDA:12,2,0,1
BRF:4
BRH:3
end_of_record
TN:
SF:src\controllers\auth.ts
FN:12,(anonymous_8)
FN:12,(anonymous_9)
FN:67,(anonymous_10)
FN:67,(anonymous_11)
FN:122,(anonymous_12)
FN:122,(anonymous_13)
FN:130,(anonymous_14)
FN:130,(anonymous_15)
FN:171,(anonymous_16)
FN:171,(anonymous_17)
FNF:10
FNH:10
FNDA:3,(anonymous_8)
FNDA:3,(anonymous_9)
FNDA:3,(anonymous_10)
FNDA:3,(anonymous_11)
FNDA:1,(anonymous_12)
FNDA:1,(anonymous_13)
FNDA:1,(anonymous_14)
FNDA:1,(anonymous_15)
FNDA:3,(anonymous_16)
FNDA:3,(anonymous_17)
DA:1,2
DA:3,2
DA:4,2
DA:5,2
DA:12,3
DA:13,3
DA:15,3
DA:16,3
DA:18,3
DA:24,0
DA:28,3
DA:29,3
DA:33,3
DA:37,3
DA:38,3
DA:40,2
DA:45,2
DA:50,2
DA:51,2
DA:52,2
DA:58,1
DA:67,3
DA:68,3
DA:69,3
DA:70,3
DA:71,3
DA:72,0
DA:77,3
DA:79,3
DA:80,3
DA:81,1
DA:86,2
DA:87,2
DA:88,1
DA:94,1
DA:99,1
DA:104,1
DA:105,1
DA:106,1
DA:112,0
DA:122,2
DA:123,1
DA:125,1
DA:126,1
DA:127,0
DA:129,1
DA:130,1
DA:131,1
DA:132,0
DA:134,1
DA:136,1
DA:137,1
DA:138,1
DA:139,0
DA:140,0
DA:141,0
DA:143,1
DA:148,1
DA:153,1
DA:154,1
DA:155,1
DA:161,0
DA:171,3
DA:172,3
DA:175,2
LF:65
LH:56
BRDA:18,0,0,0
BRDA:19,1,0,3
BRDA:19,1,1,3
BRDA:19,1,2,3
BRDA:19,1,3,3
BRDA:71,2,0,0
BRDA:71,3,0,3
BRDA:71,3,1,3
BRDA:80,4,0,1
BRDA:87,5,0,1
BRDA:126,6,0,0
BRDA:126,7,0,1
BRDA:126,7,1,1
BRDA:131,8,0,0
BRDA:138,9,0,0
BRF:15
BRH:10
end_of_record
TN:
SF:src\controllers\post.ts
FN:8,(anonymous_8)
FN:8,(anonymous_9)
FN:27,(anonymous_10)
FN:27,(anonymous_11)
FN:55,(anonymous_12)
FN:55,(anonymous_13)
FN:73,(anonymous_14)
FN:73,(anonymous_15)
FNF:8
FNH:8
FNDA:2,(anonymous_8)
FNDA:2,(anonymous_9)
FNDA:2,(anonymous_10)
FNDA:2,(anonymous_11)
FNDA:1,(anonymous_12)
FNDA:1,(anonymous_13)
FNDA:1,(anonymous_14)
FNDA:1,(anonymous_15)
DA:1,2
DA:8,2
DA:9,2
DA:11,2
DA:12,2
DA:14,2
DA:15,1
DA:17,1
DA:19,2
DA:21,0
DA:27,2
DA:28,2
DA:29,2
DA:30,2
DA:31,0
DA:34,2
DA:35,2
DA:36,2
DA:37,1
DA:41,1
DA:44,0
DA:55,2
DA:56,1
DA:57,1
DA:58,1
DA:63,1
DA:64,1
DA:65,1
DA:67,0
DA:73,2
DA:74,1
DA:75,1
DA:76,1
DA:77,0
DA:80,1
DA:81,1
DA:82,1
DA:84,0
DA:89,2
LF:39
LH:33
BRDA:14,0,0,1
BRDA:14,0,1,1
BRDA:14,1,0,2
BRDA:14,1,1,1
BRDA:30,2,0,0
BRDA:30,3,0,2
BRDA:30,3,1,2
BRDA:36,4,0,1
BRDA:36,4,1,1
BRDA:76,5,0,0
BRDA:76,6,0,1
BRDA:76,6,1,1
BRF:12
BRH:10
end_of_record
TN:
SF:src\models\post_model.ts
FNF:0
FNH:0
DA:1,2
DA:3,2
DA:14,2
LF:3
LH:3
BRF:0
BRH:0
end_of_record
TN:
SF:src\models\user_model.ts
FNF:0
FNH:0
DA:1,2
DA:3,2
DA:18,2
LF:3
LH:3
BRF:0
BRH:0
end_of_record
TN:
SF:src\routes\auth_routes.ts
FNF:0
FNH:0
DA:1,2
DA:2,2
DA:3,2
DA:4,2
DA:78,2
DA:113,2
DA:146,2
DA:162,2
DA:163,2
DA:165,2
LF:10
LH:10
BRF:0
BRH:0
end_of_record
TN:
SF:src\routes\post_routes.ts
FNF:0
FNH:0
DA:1,2
DA:2,2
DA:3,2
DA:4,2
DA:58,2
DA:92,2
DA:94,2
DA:96,2
DA:98,2
LF:9
LH:9
BRF:0
BRH:0
end_of_record
